0 info it worked if it ends with ok
1 verbose cli [ '/usr/local/bin/node', '/usr/bin/npm', 'start' ]
2 info using npm@3.10.10
3 info using node@v8.4.0
4 verbose run-script [ 'prestart', 'start', 'poststart' ]
5 info lifecycle material-dashboard-pro-angular2@1.0.0~prestart: material-dashboard-pro-angular2@1.0.0
6 silly lifecycle material-dashboard-pro-angular2@1.0.0~prestart: no script for prestart, continuing
7 info lifecycle material-dashboard-pro-angular2@1.0.0~start: material-dashboard-pro-angular2@1.0.0
8 verbose lifecycle material-dashboard-pro-angular2@1.0.0~start: unsafe-perm in lifecycle true
9 verbose lifecycle material-dashboard-pro-angular2@1.0.0~start: PATH: /usr/lib/node_modules/npm/bin/node-gyp-bin:/home/gabriel/Escritorio/Sistema/SistemaInclusionesFinal/node_modules/.bin:/home/gabriel/SimpleEscalar/SimpleScalar/How-to-install-SimpleScalar-on-Ubuntu/build:/home/gabriel/SimpleEscalar/SimpleScalar/How-to-install-SimpleScalar-on-Ubuntu/build/bin:/home/gabriel/bin:/home/gabriel/.local/bin:/usr/local/sbin:/usr/local/bin:/usr/sbin:/usr/bin:/sbin:/bin:/usr/games:/usr/local/games:/snap/bin
10 verbose lifecycle material-dashboard-pro-angular2@1.0.0~start: CWD: /home/gabriel/Escritorio/Sistema/SistemaInclusionesFinal
11 silly lifecycle material-dashboard-pro-angular2@1.0.0~start: Args: [ '-c', 'tsc && concurrently "tsc -w" "lite-server" ' ]
12 silly lifecycle material-dashboard-pro-angular2@1.0.0~start: Returned: code: 2  signal: null
13 info lifecycle material-dashboard-pro-angular2@1.0.0~start: Failed to exec start script
14 verbose stack Error: material-dashboard-pro-angular2@1.0.0 start: `tsc && concurrently "tsc -w" "lite-server" `
14 verbose stack Exit status 2
14 verbose stack     at EventEmitter.<anonymous> (/usr/lib/node_modules/npm/lib/utils/lifecycle.js:255:16)
14 verbose stack     at emitTwo (events.js:125:13)
14 verbose stack     at EventEmitter.emit (events.js:213:7)
14 verbose stack     at ChildProcess.<anonymous> (/usr/lib/node_modules/npm/lib/utils/spawn.js:40:14)
14 verbose stack     at emitTwo (events.js:125:13)
14 verbose stack     at ChildProcess.emit (events.js:213:7)
14 verbose stack     at maybeClose (internal/child_process.js:927:16)
14 verbose stack     at Process.ChildProcess._handle.onexit (internal/child_process.js:211:5)
15 verbose pkgid material-dashboard-pro-angular2@1.0.0
16 verbose cwd /home/gabriel/Escritorio/Sistema/SistemaInclusionesFinal
17 error Linux 4.13.0-45-generic
18 error argv "/usr/local/bin/node" "/usr/bin/npm" "start"
19 error node v8.4.0
20 error npm  v3.10.10
21 error code ELIFECYCLE
22 error material-dashboard-pro-angular2@1.0.0 start: `tsc && concurrently "tsc -w" "lite-server" `
22 error Exit status 2
23 error Failed at the material-dashboard-pro-angular2@1.0.0 start script 'tsc && concurrently "tsc -w" "lite-server" '.
23 error Make sure you have the latest version of node.js and npm installed.
23 error If you do, this is most likely a problem with the material-dashboard-pro-angular2 package,
23 error not with npm itself.
23 error Tell the author that this fails on your system:
23 error     tsc && concurrently "tsc -w" "lite-server"
23 error You can get information on how to open an issue for this project with:
23 error     npm bugs material-dashboard-pro-angular2
23 error Or if that isn't available, you can get their info via:
23 error     npm owner ls material-dashboard-pro-angular2
23 error There is likely additional logging output above.
24 verbose exit [ 1, true ]
